# JRE version: OpenJDK Runtime Environment Temurin-21.0.10+7 (21.0.10+7) (build 21.0.10+7-LTS)
# Java VM: OpenJDK 64-Bit Server VM Temurin-21.0.10+7 (21.0.10+7-LTS, mixed mode, sharing, tiered, compressed oops, compressed class ptrs, parallel gc, windows-amd64)
GC Precious Log:
 CardTable entry size: 512
 CPUs: 16 total, 16 available
 Memory: 5966M
 Large Page Support: Disabled
 NUMA Support: Disabled
 Compressed Oops: Enabled (32-bit)
 Alignments: Space 512K, Generation 512K, Heap 2M
 Heap Min Capacity: 100M
 Heap Initial Capacity: 100M
 Heap Max Capacity: 2G
 Pre-touch: Disabled
 Parallel Workers: 13
Heap:
 PSYoungGen      total 5120K, used 4394K [0x00000000d5580000, 0x00000000d5b80000, 0x0000000100000000)
  eden space 4096K, 88% used [0x00000000d5580000,0x00000000d590eab0,0x00000000d5980000)
  from space 1024K, 73% used [0x00000000d5980000,0x00000000d5a3c010,0x00000000d5a80000)
  to   space 1024K, 0% used [0x00000000d5a80000,0x00000000d5a80000,0x00000000d5b80000)
 ParOldGen       total 668672K, used 668485K [0x0000000080000000, 0x00000000a8d00000, 0x00000000d5580000)
  object space 668672K, 99% used [0x0000000080000000,0x00000000a8cd16f8,0x00000000a8d00000)
 Metaspace       used 79058K, committed 80704K, reserved 1179648K
  class space    used 7859K, committed 8640K, reserved 1048576K
GC Heap History (20 events):
Event: 5630.585 GC heap before
{Heap before GC invocations=1066 (full 4):
 PSYoungGen      total 5120K, used 5038K [0x00000000d5580000, 0x00000000d5b80000, 0x0000000100000000)
  eden space 4096K, 99% used [0x00000000d5580000,0x00000000d597b9a8,0x00000000d5980000)
  from space 1024K, 93% used [0x00000000d5980000,0x00000000d5a70020,0x00000000d5a80000)
  to   space 1024K, 0% used [0x00000000d5a80000,0x00000000d5a80000,0x00000000d5b80000)
 ParOldGen       total 664576K, used 664158K [0x0000000080000000, 0x00000000a8900000, 0x00000000d5580000)
  object space 664576K, 99% used [0x0000000080000000,0x00000000a88978a8,0x00000000a8900000)
 Metaspace       used 78982K, committed 80640K, reserved 1179648K
  class space    used 7859K, committed 8640K, reserved 1048576K
}
Event: 5630.590 GC heap after
{Heap after GC invocations=1066 (full 4):
 PSYoungGen      total 5120K, used 410K [0x00000000d5580000, 0x00000000d5b80000, 0x0000000100000000)
  eden space 4096K, 0% used [0x00000000d5580000,0x00000000d5580000,0x00000000d5980000)
  from space 1024K, 40% used [0x00000000d5a80000,0x00000000d5ae6900,0x00000000d5b80000)
  to   space 1024K, 0% used [0x00000000d5980000,0x00000000d5980000,0x00000000d5a80000)
 ParOldGen       total 665088K, used 664914K [0x0000000080000000, 0x00000000a8980000, 0x00000000d5580000)
  object space 665088K, 99% used [0x0000000080000000,0x00000000a8954b58,0x00000000a8980000)
 Metaspace       used 78982K, committed 80640K, reserved 1179648K
  class space    used 7859K, committed 8640K, reserved 1048576K
}
Event: 5634.776 GC heap before
{Heap before GC invocations=1067 (full 4):
 PSYoungGen      total 5120K, used 4504K [0x00000000d5580000, 0x00000000d5b80000, 0x0000000100000000)
  eden space 4096K, 99% used [0x00000000d5580000,0x00000000d597f8d0,0x00000000d5980000)
  from space 1024K, 40% used [0x00000000d5a80000,0x00000000d5ae6900,0x00000000d5b80000)
  to   space 1024K, 0% used [0x00000000d5980000,0x00000000d5980000,0x00000000d5a80000)
 ParOldGen       total 665088K, used 664914K [0x0000000080000000, 0x00000000a8980000, 0x00000000d5580000)
  object space 665088K, 99% used [0x0000000080000000,0x00000000a8954b58,0x00000000a8980000)
 Metaspace       used 78996K, committed 80640K, reserved 1179648K
  class space    used 7859K, committed 8640K, reserved 1048576K
}
Event: 5634.784 GC heap after
{Heap after GC invocations=1067 (full 4):
 PSYoungGen      total 5120K, used 288K [0x00000000d5580000, 0x00000000d5b00000, 0x0000000100000000)
  eden space 4096K, 0% used [0x00000000d5580000,0x00000000d5580000,0x00000000d5980000)
  from space 1024K, 28% used [0x00000000d5980000,0x00000000d59c8000,0x00000000d5a80000)
  to   space 512K, 0% used [0x00000000d5a80000,0x00000000d5a80000,0x00000000d5b00000)
 ParOldGen       total 665088K, used 665026K [0x0000000080000000, 0x00000000a8980000, 0x00000000d5580000)
  object space 665088K, 99% used [0x0000000080000000,0x00000000a8970b58,0x00000000a8980000)
 Metaspace       used 78996K, committed 80640K, reserved 1179648K
  class space    used 7859K, committed 8640K, reserved 1048576K
}
Event: 5635.060 GC heap before
{Heap before GC invocations=1068 (full 4):
 PSYoungGen      total 5120K, used 4384K [0x00000000d5580000, 0x00000000d5b00000, 0x0000000100000000)
  eden space 4096K, 100% used [0x00000000d5580000,0x00000000d5980000,0x00000000d5980000)
  from space 1024K, 28% used [0x00000000d5980000,0x00000000d59c8000,0x00000000d5a80000)
  to   space 512K, 0% used [0x00000000d5a80000,0x00000000d5a80000,0x00000000d5b00000)
 ParOldGen       total 665088K, used 665026K [0x0000000080000000, 0x00000000a8980000, 0x00000000d5580000)
  object space 665088K, 99% used [0x0000000080000000,0x00000000a8970b58,0x00000000a8980000)
 Metaspace       used 78996K, committed 80640K, reserved 1179648K
  class space    used 7859K, committed 8640K, reserved 1048576K
}
Event: 5635.070 GC heap after
{Heap after GC invocations=1068 (full 4):
 PSYoungGen      total 4608K, used 490K [0x00000000d5580000, 0x00000000d5b80000, 0x0000000100000000)
  eden space 4096K, 0% used [0x00000000d5580000,0x00000000d5580000,0x00000000d5980000)
  from space 512K, 95% used [0x00000000d5a80000,0x00000000d5afa910,0x00000000d5b00000)
  to   space 1024K, 0% used [0x00000000d5980000,0x00000000d5980000,0x00000000d5a80000)
 ParOldGen       total 665600K, used 665090K [0x0000000080000000, 0x00000000a8a00000, 0x00000000d5580000)
  object space 665600K, 99% used [0x0000000080000000,0x00000000a8980b58,0x00000000a8a00000)
 Metaspace       used 78996K, committed 80640K, reserved 1179648K
  class space    used 7859K, committed 8640K, reserved 1048576K
}
Event: 5635.568 GC heap before
{Heap before GC invocations=1069 (full 4):
 PSYoungGen      total 4608K, used 4586K [0x00000000d5580000, 0x00000000d5b80000, 0x0000000100000000)
  eden space 4096K, 100% used [0x00000000d5580000,0x00000000d5980000,0x00000000d5980000)
  from space 512K, 95% used [0x00000000d5a80000,0x00000000d5afa910,0x00000000d5b00000)
  to   space 1024K, 0% used [0x00000000d5980000,0x00000000d5980000,0x00000000d5a80000)
 ParOldGen       total 665600K, used 665090K [0x0000000080000000, 0x00000000a8a00000, 0x00000000d5580000)
  object space 665600K, 99% used [0x0000000080000000,0x00000000a8980b58,0x00000000a8a00000)
 Metaspace       used 78996K, committed 80640K, reserved 1179648K
  class space    used 7859K, committed 8640K, reserved 1048576K
}
Event: 5635.579 GC heap after
{Heap after GC invocations=1069 (full 4):
 PSYoungGen      total 5120K, used 640K [0x00000000d5580000, 0x00000000d5b80000, 0x0000000100000000)
  eden space 4096K, 0% used [0x00000000d5580000,0x00000000d5580000,0x00000000d5980000)
  from space 1024K, 62% used [0x00000000d5980000,0x00000000d5a20000,0x00000000d5a80000)
  to   space 1024K, 0% used [0x00000000d5a80000,0x00000000d5a80000,0x00000000d5b80000)
 ParOldGen       total 665600K, used 665502K [0x0000000080000000, 0x00000000a8a00000, 0x00000000d5580000)
  object space 665600K, 99% used [0x0000000080000000,0x00000000a89e7908,0x00000000a8a00000)
 Metaspace       used 78996K, committed 80640K, reserved 1179648K
  class space    used 7859K, committed 8640K, reserved 1048576K
}
Event: 5636.176 GC heap before
{Heap before GC invocations=1070 (full 4):
 PSYoungGen      total 5120K, used 4736K [0x00000000d5580000, 0x00000000d5b80000, 0x0000000100000000)
  eden space 4096K, 100% used [0x00000000d5580000,0x00000000d5980000,0x00000000d5980000)
  from space 1024K, 62% used [0x00000000d5980000,0x00000000d5a20000,0x00000000d5a80000)
  to   space 1024K, 0% used [0x00000000d5a80000,0x00000000d5a80000,0x00000000d5b80000)
 ParOldGen       total 665600K, used 665502K [0x0000000080000000, 0x00000000a8a00000, 0x00000000d5580000)
  object space 665600K, 99% used [0x0000000080000000,0x00000000a89e7908,0x00000000a8a00000)
 Metaspace       used 79000K, committed 80640K, reserved 1179648K
  class space    used 7859K, committed 8640K, reserved 1048576K
}
Event: 5636.181 GC heap after
{Heap after GC invocations=1070 (full 4):
 PSYoungGen      total 5120K, used 932K [0x00000000d5580000, 0x00000000d5b80000, 0x0000000100000000)
  eden space 4096K, 0% used [0x00000000d5580000,0x00000000d5580000,0x00000000d5980000)
  from space 1024K, 91% used [0x00000000d5a80000,0x00000000d5b69210,0x00000000d5b80000)
  to   space 1024K, 0% used [0x00000000d5980000,0x00000000d5980000,0x00000000d5a80000)
 ParOldGen       total 666112K, used 665994K [0x0000000080000000, 0x00000000a8a80000, 0x00000000d5580000)
  object space 666112K, 99% used [0x0000000080000000,0x00000000a8a62918,0x00000000a8a80000)
 Metaspace       used 79000K, committed 80640K, reserved 1179648K
  class space    used 7859K, committed 8640K, reserved 1048576K
}
Event: 5636.222 GC heap before
{Heap before GC invocations=1071 (full 4):
 PSYoungGen      total 5120K, used 5028K [0x00000000d5580000, 0x00000000d5b80000, 0x0000000100000000)
  eden space 4096K, 100% used [0x00000000d5580000,0x00000000d5980000,0x00000000d5980000)
  from space 1024K, 91% used [0x00000000d5a80000,0x00000000d5b69210,0x00000000d5b80000)
  to   space 1024K, 0% used [0x00000000d5980000,0x00000000d5980000,0x00000000d5a80000)
 ParOldGen       total 666112K, used 665994K [0x0000000080000000, 0x00000000a8a80000, 0x00000000d5580000)
  object space 666112K, 99% used [0x0000000080000000,0x00000000a8a62918,0x00000000a8a80000)
 Metaspace       used 79000K, committed 80640K, reserved 1179648K
  class space    used 7859K, committed 8640K, reserved 1048576K
}
Event: 5636.227 GC heap after
{Heap after GC invocations=1071 (full 4):
 PSYoungGen      total 5120K, used 800K [0x00000000d5580000, 0x00000000d5b80000, 0x0000000100000000)
  eden space 4096K, 0% used [0x00000000d5580000,0x00000000d5580000,0x00000000d5980000)
  from space 1024K, 78% used [0x00000000d5980000,0x00000000d5a48000,0x00000000d5a80000)
  to   space 1024K, 0% used [0x00000000d5a80000,0x00000000d5a80000,0x00000000d5b80000)
 ParOldGen       total 667136K, used 666785K [0x0000000080000000, 0x00000000a8b80000, 0x00000000d5580000)
  object space 667136K, 99% used [0x0000000080000000,0x00000000a8b285c8,0x00000000a8b80000)
 Metaspace       used 79000K, committed 80640K, reserved 1179648K
  class space    used 7859K, committed 8640K, reserved 1048576K
}
Event: 5636.608 GC heap before
{Heap before GC invocations=1072 (full 4):
 PSYoungGen      total 5120K, used 4895K [0x00000000d5580000, 0x00000000d5b80000, 0x0000000100000000)
  eden space 4096K, 99% used [0x00000000d5580000,0x00000000d597ff98,0x00000000d5980000)
  from space 1024K, 78% used [0x00000000d5980000,0x00000000d5a48000,0x00000000d5a80000)
  to   space 1024K, 0% used [0x00000000d5a80000,0x00000000d5a80000,0x00000000d5b80000)
 ParOldGen       total 667136K, used 666785K [0x0000000080000000, 0x00000000a8b80000, 0x00000000d5580000)
  object space 667136K, 99% used [0x0000000080000000,0x00000000a8b285c8,0x00000000a8b80000)
 Metaspace       used 79014K, committed 80640K, reserved 1179648K
  class space    used 7859K, committed 8640K, reserved 1048576K
}
Event: 5636.613 GC heap after
{Heap after GC invocations=1072 (full 4):
 PSYoungGen      total 5120K, used 928K [0x00000000d5580000, 0x00000000d5b80000, 0x0000000100000000)
  eden space 4096K, 0% used [0x00000000d5580000,0x00000000d5580000,0x00000000d5980000)
  from space 1024K, 90% used [0x00000000d5a80000,0x00000000d5b68000,0x00000000d5b80000)
  to   space 1024K, 0% used [0x00000000d5980000,0x00000000d5980000,0x00000000d5a80000)
 ParOldGen       total 667648K, used 667437K [0x0000000080000000, 0x00000000a8c00000, 0x00000000d5580000)
  object space 667648K, 99% used [0x0000000080000000,0x00000000a8bcb5d8,0x00000000a8c00000)
 Metaspace       used 79014K, committed 80640K, reserved 1179648K
  class space    used 7859K, committed 8640K, reserved 1048576K
}
Event: 5637.042 GC heap before
{Heap before GC invocations=1073 (full 4):
 PSYoungGen      total 5120K, used 5024K [0x00000000d5580000, 0x00000000d5b80000, 0x0000000100000000)
  eden space 4096K, 100% used [0x00000000d5580000,0x00000000d5980000,0x00000000d5980000)
  from space 1024K, 90% used [0x00000000d5a80000,0x00000000d5b68000,0x00000000d5b80000)
  to   space 1024K, 0% used [0x00000000d5980000,0x00000000d5980000,0x00000000d5a80000)
 ParOldGen       total 667648K, used 667437K [0x0000000080000000, 0x00000000a8c00000, 0x00000000d5580000)
  object space 667648K, 99% used [0x0000000080000000,0x00000000a8bcb5d8,0x00000000a8c00000)
 Metaspace       used 79017K, committed 80640K, reserved 1179648K
  class space    used 7859K, committed 8640K, reserved 1048576K
}
Event: 5637.049 GC heap after
{Heap after GC invocations=1073 (full 4):
 PSYoungGen      total 5120K, used 938K [0x00000000d5580000, 0x00000000d5b80000, 0x0000000100000000)
  eden space 4096K, 0% used [0x00000000d5580000,0x00000000d5580000,0x00000000d5980000)
  from space 1024K, 91% used [0x00000000d5980000,0x00000000d5a6a930,0x00000000d5a80000)
  to   space 1024K, 0% used [0x00000000d5a80000,0x00000000d5a80000,0x00000000d5b80000)
 ParOldGen       total 668672K, used 668225K [0x0000000080000000, 0x00000000a8d00000, 0x00000000d5580000)
  object space 668672K, 99% used [0x0000000080000000,0x00000000a8c904d8,0x00000000a8d00000)
 Metaspace       used 79017K, committed 80640K, reserved 1179648K
  class space    used 7859K, committed 8640K, reserved 1048576K
}
Event: 5637.125 GC heap before
{Heap before GC invocations=1074 (full 4):
 PSYoungGen      total 5120K, used 5034K [0x00000000d5580000, 0x00000000d5b80000, 0x0000000100000000)
  eden space 4096K, 100% used [0x00000000d5580000,0x00000000d5980000,0x00000000d5980000)
  from space 1024K, 91% used [0x00000000d5980000,0x00000000d5a6a930,0x00000000d5a80000)
  to   space 1024K, 0% used [0x00000000d5a80000,0x00000000d5a80000,0x00000000d5b80000)
 ParOldGen       total 668672K, used 668225K [0x0000000080000000, 0x00000000a8d00000, 0x00000000d5580000)
  object space 668672K, 99% used [0x0000000080000000,0x00000000a8c904d8,0x00000000a8d00000)
 Metaspace       used 79021K, committed 80640K, reserved 1179648K
  class space    used 7859K, committed 8640K, reserved 1048576K
}
Event: 5637.133 GC heap after
{Heap after GC invocations=1074 (full 4):
 PSYoungGen      total 5120K, used 378K [0x00000000d5580000, 0x00000000d5b80000, 0x0000000100000000)
  eden space 4096K, 0% used [0x00000000d5580000,0x00000000d5580000,0x00000000d5980000)
  from space 1024K, 36% used [0x00000000d5a80000,0x00000000d5ade900,0x00000000d5b80000)
  to   space 1024K, 0% used [0x00000000d5980000,0x00000000d5980000,0x00000000d5a80000)
 ParOldGen       total 668672K, used 668377K [0x0000000080000000, 0x00000000a8d00000, 0x00000000d5580000)
  object space 668672K, 99% used [0x0000000080000000,0x00000000a8cb64f8,0x00000000a8d00000)
 Metaspace       used 79021K, committed 80640K, reserved 1179648K
  class space    used 7859K, committed 8640K, reserved 1048576K
}
Event: 5637.180 GC heap before
{Heap before GC invocations=1075 (full 4):
 PSYoungGen      total 5120K, used 4474K [0x00000000d5580000, 0x00000000d5b80000, 0x0000000100000000)
  eden space 4096K, 100% used [0x00000000d5580000,0x00000000d5980000,0x00000000d5980000)
  from space 1024K, 36% used [0x00000000d5a80000,0x00000000d5ade900,0x00000000d5b80000)
  to   space 1024K, 0% used [0x00000000d5980000,0x00000000d5980000,0x00000000d5a80000)
 ParOldGen       total 668672K, used 668377K [0x0000000080000000, 0x00000000a8d00000, 0x00000000d5580000)
  object space 668672K, 99% used [0x0000000080000000,0x00000000a8cb64f8,0x00000000a8d00000)
 Metaspace       used 79021K, committed 80640K, reserved 1179648K
  class space    used 7859K, committed 8640K, reserved 1048576K
}
Event: 5637.186 GC heap after
{Heap after GC invocations=1075 (full 4):
 PSYoungGen      total 5120K, used 752K [0x00000000d5580000, 0x00000000d5b80000, 0x0000000100000000)
  eden space 4096K, 0% used [0x00000000d5580000,0x00000000d5580000,0x00000000d5980000)
  from space 1024K, 73% used [0x00000000d5980000,0x00000000d5a3c010,0x00000000d5a80000)
  to   space 1024K, 0% used [0x00000000d5a80000,0x00000000d5a80000,0x00000000d5b80000)
 ParOldGen       total 668672K, used 668485K [0x0000000080000000, 0x00000000a8d00000, 0x00000000d5580000)
  object space 668672K, 99% used [0x0000000080000000,0x00000000a8cd16f8,0x00000000a8d00000)
 Metaspace       used 79021K, committed 80640K, reserved 1179648K
  class space    used 7859K, committed 8640K, reserved 1048576K
}

